{
  "RSpec": {
    "coverage": {
      "/home/jmervine/Development/mongocached/lib/mongocached.rb": [
        1,
        null,
        1,
        null,
        1,
        null,
        1,
        1,
        null,
        null,
        1,
        null,
        18,
        null,
        18,
        17,
        17,
        null,
        1,
        null,
        null,
        18,
        null,
        18,
        null,
        null,
        1,
        null,
        null,
        null,
        null,
        null,
        null,
        null,
        null,
        null,
        null,
        null,
        19,
        null,
        null,
        null,
        1,
        3,
        3,
        null,
        1,
        null,
        null,
        1,
        3,
        null,
        1,
        null,
        null,
        1,
        44,
        4,
        null,
        null,
        null,
        null,
        null,
        1,
        null,
        null,
        null,
        24,
        24,
        24,
        24,
        null,
        24,
        null,
        null,
        null,
        1,
        null,
        null,
        null,
        null,
        1,
        39,
        39,
        39,
        null,
        42,
        19,
        null,
        null,
        null,
        null,
        null,
        19,
        null,
        2,
        null,
        2,
        null,
        null,
        1,
        null,
        null,
        null,
        null,
        1,
        14,
        null,
        null,
        null,
        null,
        null,
        14,
        14,
        null,
        1,
        null,
        null,
        null,
        null,
        1,
        2,
        2,
        null,
        null,
        null,
        null,
        null,
        null,
        1,
        1,
        null,
        1,
        1,
        null,
        null,
        null,
        null,
        null,
        1,
        25,
        25,
        null,
        null,
        4,
        4,
        8,
        8,
        6,
        null,
        null,
        4,
        null,
        21,
        21,
        17,
        null,
        null,
        5,
        null,
        1,
        null,
        1,
        1,
        35,
        34,
        null,
        1,
        null,
        null,
        null,
        1,
        41,
        40,
        null,
        1,
        null,
        null,
        null,
        1,
        35,
        35,
        null,
        null,
        1,
        181,
        null,
        null,
        1,
        18,
        18,
        18,
        0,
        null,
        null,
        18,
        null,
        null,
        1,
        18,
        null,
        null,
        1,
        18,
        null,
        null,
        1,
        null,
        null,
        null
      ]
    },
    "timestamp": 1342158464
  }
}
