{
  "RSpec": {
    "coverage": {
      "/home/jmervine/personal/mongocached/lib/mongocached.rb": [
        1,
        null,
        1,
        null,
        1,
        null,
        1,
        null,
        null,
        1,
        18,
        null,
        18,
        17,
        17,
        null,
        1,
        null,
        null,
        18,
        null,
        18,
        null,
        null,
        1,
        null,
        null,
        null,
        null,
        null,
        null,
        null,
        null,
        null,
        null,
        null,
        19,
        null,
        null,
        null,
        1,
        3,
        3,
        null,
        1,
        null,
        null,
        1,
        3,
        null,
        1,
        null,
        null,
        1,
        61,
        5,
        null,
        null,
        null,
        null,
        null,
        1,
        7,
        0,
        0,
        0,
        0,
        null,
        7,
        null,
        1,
        null,
        null,
        null,
        null,
        1,
        39,
        39,
        39,
        null,
        42,
        19,
        null,
        null,
        null,
        null,
        null,
        19,
        null,
        2,
        null,
        2,
        null,
        null,
        1,
        null,
        null,
        null,
        null,
        1,
        13,
        null,
        null,
        null,
        null,
        null,
        13,
        13,
        null,
        1,
        null,
        null,
        null,
        null,
        1,
        2,
        2,
        null,
        null,
        null,
        null,
        null,
        null,
        1,
        1,
        null,
        1,
        1,
        null,
        null,
        null,
        null,
        null,
        1,
        25,
        25,
        null,
        4,
        4,
        8,
        8,
        6,
        null,
        null,
        4,
        null,
        21,
        21,
        17,
        null,
        null,
        5,
        null,
        1,
        null,
        1,
        1,
        34,
        33,
        null,
        1,
        null,
        null,
        null,
        1,
        41,
        40,
        null,
        1,
        null,
        null,
        null,
        1,
        34,
        34,
        null,
        null,
        1,
        108,
        null,
        null,
        1,
        13,
        null,
        null,
        1,
        13,
        null,
        null,
        1,
        13,
        null,
        null,
        1,
        null,
        null,
        null
      ]
    },
    "timestamp": 1342051547
  }
}
